<?xml version="1.0" encoding="UTF-8"?>
<testsuite xmlns:xsi="http://www.w3.org/2001/XMLSchema-instance" xsi:noNamespaceSchemaLocation="https://maven.apache.org/surefire/maven-surefire-plugin/xsd/surefire-test-report.xsd" name="com.estudo.task.functional.TaskTest" time="36.83" tests="4" errors="0" skipped="0" failures="0">
  <properties>
[...]
</properties>
  <testcase name="naoDeveSalvarTarefaSemDescricao" classname="com.estudo.task.functional.TaskTest" time="36.801"/>
  <testcase name="naoDeveSalvarTarefaComDataPassada" classname="com.estudo.task.functional.TaskTest" time="19.129"/>
  <testcase name="naoDeveSalvarTarefaSemData" classname="com.estudo.task.functional.TaskTest" time="19.124"/>
  <testcase name="deveSalvarTarefaComSucesso" classname="com.estudo.task.functional.TaskTest" time="36.83"/>
</testsuite>